<?xml version="1.0" encoding="UTF-8"?>
<!-- Generated by org.testng.reporters.JUnitReportReporter -->
<testsuite hostname="aahana" failures="0" tests="3" name="salesforce1.testing" time="51.676" errors="0" timestamp="2024-01-11T14:03:45 IST" skipped="0">
  <testcase classname="salesforce1.testing" name="login" time="3.670"/>
  <system-out/>
  <testcase classname="salesforce1.testing" name="home" time="40.426"/>
  <system-out/>
  <testcase classname="salesforce1.testing" name="accout" time="7.580"/>
  <system-out/>
</testsuite> <!-- salesforce1.testing -->
